<?xml version="1.0" encoding="UTF-8"?>
<!-- Generated by org.testng.reporters.JUnitReportReporter -->
<testsuite skipped="0" hostname="DESKTOP-0ARDG9J" name="com.WebAutomation.PlaceOrder" tests="1" failures="0" timestamp="09 Jun 2019 07:25:22 GMT" time="82.679" errors="0">
  <testcase name="verifyPlaceOrder" time="82.679" classname="com.WebAutomation.PlaceOrder"/>
</testsuite> <!-- com.WebAutomation.PlaceOrder -->
