<?xml version="1.0" encoding="UTF-8"?>
<!-- Generated by org.testng.reporters.JUnitReportReporter -->
<testsuite skipped="0" hostname="DESKTOP-0ARDG9J" name="com.WebAutomation.PlaceOrder" tests="1" failures="0" timestamp="08 Jun 2019 16:16:03 GMT" time="14.405" errors="0">
  <testcase name="verifyPlaceOrder" time="14.405" classname="com.WebAutomation.PlaceOrder"/>
</testsuite> <!-- com.WebAutomation.PlaceOrder -->
