<?xml version="1.0" encoding="UTF-8"?>
<!-- Generated by org.testng.reporters.JUnitReportReporter -->
<testsuite skipped="0" hostname="DESKTOP-0ARDG9J" name="com.WebAutomation.PlaceOrder" tests="1" failures="0" timestamp="08 Jun 2019 23:04:06 GMT" time="57.788" errors="0">
  <testcase name="verifyPlaceOrder" time="57.788" classname="com.WebAutomation.PlaceOrder"/>
</testsuite> <!-- com.WebAutomation.PlaceOrder -->
