<?xml version="1.0" encoding="UTF-8"?>
<!-- Generated by org.testng.reporters.JUnitReportReporter -->
<testsuite hostname="DESKTOP-0ARDG9J" name="com.TestCases.PlaceOrder" tests="1" failures="0" timestamp="9 Jun 2019 08:24:38 GMT" time="57.831" errors="0">
  <testcase name="verifyPlaceOrder" time="57.831" classname="com.TestCases.PlaceOrder"/>
</testsuite> <!-- com.TestCases.PlaceOrder -->
